-------------------------------------------------------------------------------
Test set: com.jicbak.JicbakApplicationTests
-------------------------------------------------------------------------------
Tests run: 1, Failures: 0, Errors: 1, Skipped: 0, Time elapsed: 0.227 s <<< FAILURE! -- in com.jicbak.JicbakApplicationTests
com.jicbak.JicbakApplicationTests -- Time elapsed: 0.227 s <<< ERROR!
java.lang.IllegalStateException: Found multiple @SpringBootConfiguration annotated classes [Generic bean: class [com.jicbak.JicbakApplication]; scope=; abstract=false; lazyInit=null; autowireMode=0; dependencyCheck=0; autowireCandidate=true; primary=false; factoryBeanName=null; factoryMethodName=null; initMethodNames=null; destroyMethodNames=null; defined in file [C:\Users\owner\Documents\workspace-spring-tool-suite-4-4.24.0.RELEASE\jicbak\target\classes\com\jicbak\JicbakApplication.class], Generic bean: class [com.jicbak.test]; scope=; abstract=false; lazyInit=null; autowireMode=0; dependencyCheck=0; autowireCandidate=true; primary=false; factoryBeanName=null; factoryMethodName=null; initMethodNames=null; destroyMethodNames=null; defined in file [C:\Users\owner\Documents\workspace-spring-tool-suite-4-4.24.0.RELEASE\jicbak\target\classes\com\jicbak\test.class]]
	at org.springframework.util.Assert.state(Assert.java:97)
	at org.springframework.boot.test.context.AnnotatedClassFinder.scanPackage(AnnotatedClassFinder.java:92)
	at org.springframework.boot.test.context.AnnotatedClassFinder.findFromPackage(AnnotatedClassFinder.java:82)
	at org.springframework.boot.test.context.AnnotatedClassFinder.findFromClass(AnnotatedClassFinder.java:68)
	at org.springframework.boot.test.context.SpringBootTestContextBootstrapper.findConfigurationClass(SpringBootTestContextBootstrapper.java:245)
	at org.springframework.boot.test.context.SpringBootTestContextBootstrapper.getOrFindConfigurationClasses(SpringBootTestContextBootstrapper.java:233)
	at org.springframework.boot.test.context.SpringBootTestContextBootstrapper.processMergedContextConfiguration(SpringBootTestContextBootstrapper.java:150)
	at org.springframework.test.context.support.AbstractTestContextBootstrapper.buildMergedContextConfiguration(AbstractTestContextBootstrapper.java:351)
	at org.springframework.test.context.support.AbstractTestContextBootstrapper.buildDefaultMergedContextConfiguration(AbstractTestContextBootstrapper.java:267)
	at org.springframework.test.context.support.AbstractTestContextBootstrapper.buildMergedContextConfiguration(AbstractTestContextBootstrapper.java:215)
	at org.springframework.test.context.support.AbstractTestContextBootstrapper.buildTestContext(AbstractTestContextBootstrapper.java:108)
	at org.springframework.boot.test.context.SpringBootTestContextBootstrapper.buildTestContext(SpringBootTestContextBootstrapper.java:111)
	at org.springframework.test.context.TestContextManager.<init>(TestContextManager.java:142)
	at org.springframework.test.context.TestContextManager.<init>(TestContextManager.java:126)
	at org.springframework.test.context.junit.jupiter.SpringExtension.getTestContextManager(SpringExtension.java:366)
	at org.springframework.test.context.junit.jupiter.SpringExtension.beforeAll(SpringExtension.java:131)
	at java.base/java.util.ArrayList.forEach(ArrayList.java:1597)

